This file contains any messages produced by compilers while
running configure, to aid debugging if configure makes a mistake.

It was created by FULL-PACKAGE-NAME configure VERSION, which was
generated by GNU Autoconf 2.59.  Invocation command line was

  $ ./configure --prefix=/usr

## --------- ##
## Platform. ##
## --------- ##

hostname = tesla
uname -m = i686
uname -r = 2.6.18-8.1.15.el5
uname -s = Linux
uname -v = #1 SMP Mon Oct 22 08:32:04 EDT 2007

/usr/bin/uname -p = unknown
/bin/uname -X     = unknown

/bin/arch              = i686
/usr/bin/arch -k       = unknown
/usr/convex/getsysinfo = unknown
hostinfo               = unknown
/bin/machine           = unknown
/usr/bin/oslevel       = unknown
/bin/universe          = unknown

PATH: /usr/lib/qt-3.3/bin
PATH: /usr/kerberos/sbin
PATH: /usr/kerberos/bin
PATH: /usr/local/sbin
PATH: /usr/local/bin
PATH: /sbin
PATH: /bin
PATH: /usr/sbin
PATH: /usr/bin
PATH: /usr/sbin/scripts
PATH: /root/bin
PATH: /usr/sbin/scripts
PATH: /bin
PATH: /sbin
PATH: /usr/bin
PATH: /usr/sbin


## ----------- ##
## Core tests. ##
## ----------- ##

configure:1551: checking for a BSD-compatible install
configure:1606: result: /usr/bin/install -c
configure:1617: checking whether build environment is sane
configure:1660: result: yes
configure:1725: checking for gawk
configure:1741: found /bin/gawk
configure:1751: result: gawk
configure:1761: checking whether make sets $(MAKE)
configure:1781: result: yes
configure:1999: checking for gcc
configure:2015: found /usr/bin/gcc
configure:2025: result: gcc
configure:2269: checking for C compiler version
configure:2272: gcc --version </dev/null >&5
gcc (GCC) 4.1.1 20070105 (Red Hat 4.1.1-52)
Copyright (C) 2006 Free Software Foundation, Inc.
This is free software; see the source for copying conditions.  There is NO
warranty; not even for MERCHANTABILITY or FITNESS FOR A PARTICULAR PURPOSE.

configure:2275: $? = 0
configure:2277: gcc -v </dev/null >&5
Using built-in specs.
Target: i386-redhat-linux
Configured with: ../configure --prefix=/usr --mandir=/usr/share/man --infodir=/usr/share/info --enable-shared --enable-threads=posix --enable-checking=release --with-system-zlib --enable-__cxa_atexit --disable-libunwind-exceptions --enable-libgcj-multifile --enable-languages=c,c++,objc,obj-c++,java,fortran,ada --enable-java-awt=gtk --disable-dssi --enable-plugin --with-java-home=/usr/lib/jvm/java-1.4.2-gcj-1.4.2.0/jre --with-cpu=generic --host=i386-redhat-linux
Thread model: posix
gcc version 4.1.1 20070105 (Red Hat 4.1.1-52)
configure:2280: $? = 0
configure:2282: gcc -V </dev/null >&5
gcc: '-V' option must have argument
configure:2285: $? = 1
configure:2308: checking for C compiler default output file name
configure:2311: gcc    conftest.c  >&5
configure:2314: $? = 0
configure:2360: result: a.out
configure:2365: checking whether the C compiler works
configure:2371: ./a.out
configure:2374: $? = 0
configure:2391: result: yes
configure:2398: checking whether we are cross compiling
configure:2400: result: no
configure:2403: checking for suffix of executables
configure:2405: gcc -o conftest    conftest.c  >&5
configure:2408: $? = 0
configure:2433: result: 
configure:2439: checking for suffix of object files
configure:2460: gcc -c   conftest.c >&5
configure:2463: $? = 0
configure:2485: result: o
configure:2489: checking whether we are using the GNU C compiler
configure:2513: gcc -c   conftest.c >&5
configure:2519: $? = 0
configure:2523: test -z 
			 || test ! -s conftest.err
configure:2526: $? = 0
configure:2529: test -s conftest.o
configure:2532: $? = 0
configure:2545: result: yes
configure:2551: checking whether gcc accepts -g
configure:2572: gcc -c -g  conftest.c >&5
configure:2578: $? = 0
configure:2582: test -z 
			 || test ! -s conftest.err
configure:2585: $? = 0
configure:2588: test -s conftest.o
configure:2591: $? = 0
configure:2602: result: yes
configure:2619: checking for gcc option to accept ANSI C
configure:2689: gcc  -c -g -O2  conftest.c >&5
configure:2695: $? = 0
configure:2699: test -z 
			 || test ! -s conftest.err
configure:2702: $? = 0
configure:2705: test -s conftest.o
configure:2708: $? = 0
configure:2726: result: none needed
configure:2744: gcc -c -g -O2  conftest.c >&5
conftest.c:2: error: expected '=', ',', ';', 'asm' or '__attribute__' before 'me'
configure:2750: $? = 1
configure: failed program was:
| #ifndef __cplusplus
|   choke me
| #endif
configure:2894: checking for style of include used by make
configure:2922: result: GNU
configure:2950: checking dependency style of gcc
configure:3040: result: gcc3
configure:3057: checking whether make sets $(MAKE)
configure:3077: result: yes
configure:3164: checking build system type
configure:3182: result: i686-pc-linux-gnu
configure:3190: checking host system type
configure:3204: result: i686-pc-linux-gnu
configure:3212: checking for a sed that does not truncate output
configure:3266: result: /bin/sed
configure:3269: checking for egrep
configure:3279: result: grep -E
configure:3295: checking for ld used by gcc
configure:3362: result: /usr/bin/ld
configure:3371: checking if the linker (/usr/bin/ld) is GNU ld
configure:3386: result: yes
configure:3391: checking for /usr/bin/ld option to reload object files
configure:3398: result: -r
configure:3416: checking for BSD-compatible nm
configure:3458: result: /usr/bin/nm -B
configure:3462: checking whether ln -s works
configure:3466: result: yes
configure:3473: checking how to recognise dependent libraries
configure:3645: result: pass_all
configure:3859: checking how to run the C preprocessor
configure:3894: gcc -E  conftest.c
configure:3900: $? = 0
configure:3932: gcc -E  conftest.c
conftest.c:11:28: error: ac_nonexistent.h: No such file or directory
configure:3938: $? = 1
configure: failed program was:
| /* confdefs.h.  */
| 
| #define PACKAGE_NAME "FULL-PACKAGE-NAME"
| #define PACKAGE_TARNAME "full-package-name"
| #define PACKAGE_VERSION "VERSION"
| #define PACKAGE_STRING "FULL-PACKAGE-NAME VERSION"
| #define PACKAGE_BUGREPORT "BUG-REPORT-ADDRESS"
| #define PACKAGE "libteletone"
| #define VERSION "0.1"
| /* end confdefs.h.  */
| #include <ac_nonexistent.h>
configure:3977: result: gcc -E
configure:4001: gcc -E  conftest.c
configure:4007: $? = 0
configure:4039: gcc -E  conftest.c
conftest.c:11:28: error: ac_nonexistent.h: No such file or directory
configure:4045: $? = 1
configure: failed program was:
| /* confdefs.h.  */
| 
| #define PACKAGE_NAME "FULL-PACKAGE-NAME"
| #define PACKAGE_TARNAME "full-package-name"
| #define PACKAGE_VERSION "VERSION"
| #define PACKAGE_STRING "FULL-PACKAGE-NAME VERSION"
| #define PACKAGE_BUGREPORT "BUG-REPORT-ADDRESS"
| #define PACKAGE "libteletone"
| #define VERSION "0.1"
| /* end confdefs.h.  */
| #include <ac_nonexistent.h>
configure:4089: checking for ANSI C header files
configure:4114: gcc -c -g -O2  conftest.c >&5
configure:4120: $? = 0
configure:4124: test -z 
			 || test ! -s conftest.err
configure:4127: $? = 0
configure:4130: test -s conftest.o
configure:4133: $? = 0
configure:4222: gcc -o conftest -g -O2   conftest.c  >&5
conftest.c: In function 'main':
conftest.c:28: warning: incompatible implicit declaration of built-in function 'exit'
configure:4225: $? = 0
configure:4227: ./conftest
configure:4230: $? = 0
configure:4245: result: yes
configure:4269: checking for sys/types.h
configure:4285: gcc -c -g -O2  conftest.c >&5
configure:4291: $? = 0
configure:4295: test -z 
			 || test ! -s conftest.err
configure:4298: $? = 0
configure:4301: test -s conftest.o
configure:4304: $? = 0
configure:4315: result: yes
configure:4269: checking for sys/stat.h
configure:4285: gcc -c -g -O2  conftest.c >&5
configure:4291: $? = 0
configure:4295: test -z 
			 || test ! -s conftest.err
configure:4298: $? = 0
configure:4301: test -s conftest.o
configure:4304: $? = 0
configure:4315: result: yes
configure:4269: checking for stdlib.h
configure:4285: gcc -c -g -O2  conftest.c >&5

## ---------------- ##
## Cache variables. ##
## ---------------- ##

ac_cv_build=i686-pc-linux-gnu
ac_cv_build_alias=i686-pc-linux-gnu
ac_cv_c_compiler_gnu=yes
ac_cv_env_CC_set=
ac_cv_env_CC_value=
ac_cv_env_CFLAGS_set=
ac_cv_env_CFLAGS_value=
ac_cv_env_CPPFLAGS_set=
ac_cv_env_CPPFLAGS_value=
ac_cv_env_CPP_set=
ac_cv_env_CPP_value=
ac_cv_env_CXXCPP_set=
ac_cv_env_CXXCPP_value=
ac_cv_env_CXXFLAGS_set=
ac_cv_env_CXXFLAGS_value=
ac_cv_env_CXX_set=
ac_cv_env_CXX_value=
ac_cv_env_F77_set=
ac_cv_env_F77_value=
ac_cv_env_FFLAGS_set=
ac_cv_env_FFLAGS_value=
ac_cv_env_LDFLAGS_set=
ac_cv_env_LDFLAGS_value=
ac_cv_env_build_alias_set=
ac_cv_env_build_alias_value=
ac_cv_env_host_alias_set=
ac_cv_env_host_alias_value=
ac_cv_env_target_alias_set=
ac_cv_env_target_alias_value=
ac_cv_exeext=
ac_cv_header_stdc=yes
ac_cv_header_sys_stat_h=yes
ac_cv_header_sys_types_h=yes
ac_cv_host=i686-pc-linux-gnu
ac_cv_host_alias=i686-pc-linux-gnu
ac_cv_objext=o
ac_cv_path_install='/usr/bin/install -c'
ac_cv_prog_AWK=gawk
ac_cv_prog_CPP='gcc -E'
ac_cv_prog_ac_ct_CC=gcc
ac_cv_prog_cc_g=yes
ac_cv_prog_cc_stdc=
ac_cv_prog_egrep='grep -E'
ac_cv_prog_make_make_set=yes
am_cv_CC_dependencies_compiler_type=gcc3
lt_cv_deplibs_check_method=pass_all
lt_cv_file_magic_cmd='$MAGIC_CMD'
lt_cv_file_magic_test_file=
lt_cv_ld_reload_flag=-r
lt_cv_path_LD=/usr/bin/ld
lt_cv_path_NM='/usr/bin/nm -B'
lt_cv_path_SED=/bin/sed
lt_cv_prog_gnu_ld=yes

## ----------------- ##
## Output variables. ##
## ----------------- ##

ACLOCAL='${SHELL} /root/3.3/wanpipe/ssmg/sangoma_mgd.trunk/lib/libteletone/missing --run aclocal-1.9'
AMDEPBACKSLASH='\'
AMDEP_FALSE='#'
AMDEP_TRUE=''
AMTAR='${SHELL} /root/3.3/wanpipe/ssmg/sangoma_mgd.trunk/lib/libteletone/missing --run tar'
AR=''
AUTOCONF='${SHELL} /root/3.3/wanpipe/ssmg/sangoma_mgd.trunk/lib/libteletone/missing --run autoconf'
AUTOHEADER='${SHELL} /root/3.3/wanpipe/ssmg/sangoma_mgd.trunk/lib/libteletone/missing --run autoheader'
AUTOMAKE='${SHELL} /root/3.3/wanpipe/ssmg/sangoma_mgd.trunk/lib/libteletone/missing --run automake-1.9'
AWK='gawk'
CC='gcc'
CCDEPMODE='depmode=gcc3'
CFLAGS='-g -O2'
CPP='gcc -E'
CPPFLAGS=''
CXX=''
CXXCPP=''
CXXDEPMODE=''
CXXFLAGS=''
CYGPATH_W='echo'
DEFS=''
DEPDIR='.deps'
ECHO='echo'
ECHO_C=''
ECHO_N='-n'
ECHO_T=''
EGREP='grep -E'
EXEEXT=''
F77=''
FFLAGS=''
INSTALL_DATA='${INSTALL} -m 644'
INSTALL_PROGRAM='${INSTALL}'
INSTALL_SCRIPT='${INSTALL}'
INSTALL_STRIP_PROGRAM='${SHELL} $(install_sh) -c -s'
LDFLAGS=''
LIBOBJS=''
LIBS=''
LIBTOOL=''
LN_S='ln -s'
LTLIBOBJS=''
MAKEINFO='${SHELL} /root/3.3/wanpipe/ssmg/sangoma_mgd.trunk/lib/libteletone/missing --run makeinfo'
OBJEXT='o'
PACKAGE='libteletone'
PACKAGE_BUGREPORT='BUG-REPORT-ADDRESS'
PACKAGE_NAME='FULL-PACKAGE-NAME'
PACKAGE_STRING='FULL-PACKAGE-NAME VERSION'
PACKAGE_TARNAME='full-package-name'
PACKAGE_VERSION='VERSION'
PATH_SEPARATOR=':'
RANLIB=''
SET_MAKE=''
SHELL='/bin/sh'
STRIP=''
VERSION='0.1'
ac_ct_AR=''
ac_ct_CC='gcc'
ac_ct_CXX=''
ac_ct_F77=''
ac_ct_RANLIB=''
ac_ct_STRIP=''
am__fastdepCC_FALSE='#'
am__fastdepCC_TRUE=''
am__fastdepCXX_FALSE=''
am__fastdepCXX_TRUE=''
am__include='include'
am__leading_dot='.'
am__quote=''
am__tar='${AMTAR} chof - "$$tardir"'
am__untar='${AMTAR} xf -'
bindir='${exec_prefix}/bin'
build='i686-pc-linux-gnu'
build_alias=''
build_cpu='i686'
build_os='linux-gnu'
build_vendor='pc'
datadir='${prefix}/share'
exec_prefix='NONE'
host='i686-pc-linux-gnu'
host_alias=''
host_cpu='i686'
host_os='linux-gnu'
host_vendor='pc'
includedir='${prefix}/include'
infodir='${prefix}/info'
install_sh='/root/3.3/wanpipe/ssmg/sangoma_mgd.trunk/lib/libteletone/install-sh'
libdir='${exec_prefix}/lib'
libexecdir='${exec_prefix}/libexec'
localstatedir='${prefix}/var'
mandir='${prefix}/man'
mkdir_p='mkdir -p --'
oldincludedir='/usr/include'
prefix='/usr'
program_transform_name='s,x,x,'
sbindir='${exec_prefix}/sbin'
sharedstatedir='${prefix}/com'
sysconfdir='${prefix}/etc'
target_alias=''

## ----------- ##
## confdefs.h. ##
## ----------- ##

#define HAVE_SYS_STAT_H 1
#define HAVE_SYS_TYPES_H 1
#define PACKAGE "libteletone"
#define PACKAGE_BUGREPORT "BUG-REPORT-ADDRESS"
#define PACKAGE_NAME "FULL-PACKAGE-NAME"
#define PACKAGE_STRING "FULL-PACKAGE-NAME VERSION"
#define PACKAGE_TARNAME "full-package-name"
#define PACKAGE_VERSION "VERSION"
#define STDC_HEADERS 1
#define VERSION "0.1"

configure: caught signal 2
configure: exit 1
